<?xml version="1.0" encoding="UTF-8"?>
<!-- Generated by org.testng.reporters.JUnitReportReporter -->
<testsuite hostname="DESKTOP-7UV75FF" failures="0" tests="3" name="com.qa.opencart.tests.ProductInformationPageTest" time="5.006" errors="0" timestamp="2023-12-25T18:35:21 IST" skipped="0">
  <testcase classname="com.qa.opencart.tests.ProductInformationPageTest" name="productImagesTest" time="2.336"/>
  <system-out/>
  <testcase classname="com.qa.opencart.tests.ProductInformationPageTest" name="productImagesTest" time="1.345"/>
  <system-out/>
  <testcase classname="com.qa.opencart.tests.ProductInformationPageTest" name="productImagesTest" time="1.325"/>
  <system-out/>
</testsuite> <!-- com.qa.opencart.tests.ProductInformationPageTest -->
