<?xml version="1.0" encoding="UTF-8"?>
<!-- Generated by org.testng.reporters.JUnitReportReporter -->
<testsuite hostname="DESKTOP-7UV75FF" failures="0" tests="3" name="com.qa.opencart.tests.RegistrationPageTest" time="10.679" errors="0" timestamp="2023-12-26T10:50:02 IST" skipped="0">
  <testcase classname="com.qa.opencart.tests.RegistrationPageTest" name="userRegistrationTest" time="3.802"/>
  <system-out/>
  <testcase classname="com.qa.opencart.tests.RegistrationPageTest" name="userRegistrationTest" time="3.401"/>
  <system-out/>
  <testcase classname="com.qa.opencart.tests.RegistrationPageTest" name="userRegistrationTest" time="3.476"/>
  <system-out/>
</testsuite> <!-- com.qa.opencart.tests.RegistrationPageTest -->
